<?xml version="1.0" encoding="UTF-8"?>
<testng-results skipped="0" failed="1" ignored="0" total="4" passed="3">
  <reporter-output>
  </reporter-output>
  <suite name="Default suite" duration-ms="44936" started-at="2020-09-28T15:20:47 PDT" finished-at="2020-09-28T15:21:32 PDT">
    <groups>
    </groups>
    <test name="Default test" duration-ms="44936" started-at="2020-09-28T15:20:47 PDT" finished-at="2020-09-28T15:21:32 PDT">
      <class name="ExtendReport.TestID01">
        <test-method status="PASS" signature="launchingTheBrowser()[pri:0, instance:ExtendReport.TestID01@646d64ab]" name="launchingTheBrowser" is-config="true" duration-ms="6738" started-at="2020-09-28T15:20:41 PDT" finished-at="2020-09-28T15:20:47 PDT">
          <reporter-output>
          </reporter-output>
        </test-method> <!-- launchingTheBrowser -->
        <test-method status="FAIL" signature="ForgotPassowrd(java.lang.String, java.lang.String, java.lang.String)[pri:0, instance:ExtendReport.TestID01@646d64ab]" name="ForgotPassowrd" duration-ms="5993" started-at="2020-09-28T15:20:47 PDT" data-provider="ForgotPasswordDetails" finished-at="2020-09-28T15:20:53 PDT">
          <params>
            <param index="0">
              <value>
                <![CDATA[rimapatil777@gmail.com]]>
              </value>
            </param>
            <param index="1">
              <value>
                <![CDATA[//h2[contains(text(),'Please check your email')]]]>
              </value>
            </param>
            <param index="2">
              <value>
                <![CDATA[TestID01D]]>
              </value>
            </param>
          </params>
          <exception class="java.lang.NullPointerException">
            <full-stacktrace>
              <![CDATA[java.lang.NullPointerException
at XeroApp_Assignment.XeroApp.XeroUtility.ufClickElement(XeroUtility.java:90)
at ExtendReport.TestID01.ForgotPassowrd(TestID01.java:85)
at sun.reflect.NativeMethodAccessorImpl.invoke0(Native Method)
at sun.reflect.NativeMethodAccessorImpl.invoke(Unknown Source)
at sun.reflect.DelegatingMethodAccessorImpl.invoke(Unknown Source)
at java.lang.reflect.Method.invoke(Unknown Source)
at org.testng.internal.MethodInvocationHelper.invokeMethod(MethodInvocationHelper.java:132)
at org.testng.internal.TestInvoker.invokeMethod(TestInvoker.java:599)
at org.testng.internal.TestInvoker.invokeTestMethod(TestInvoker.java:174)
at org.testng.internal.MethodRunner.runInSequence(MethodRunner.java:46)
at org.testng.internal.TestInvoker$MethodInvocationAgent.invoke(TestInvoker.java:822)
at org.testng.internal.TestInvoker.invokeTestMethods(TestInvoker.java:147)
at org.testng.internal.TestMethodWorker.invokeTestMethods(TestMethodWorker.java:146)
at org.testng.internal.TestMethodWorker.run(TestMethodWorker.java:128)
at java.util.ArrayList.forEach(Unknown Source)
at org.testng.TestRunner.privateRun(TestRunner.java:764)
at org.testng.TestRunner.run(TestRunner.java:585)
at org.testng.SuiteRunner.runTest(SuiteRunner.java:384)
at org.testng.SuiteRunner.runSequentially(SuiteRunner.java:378)
at org.testng.SuiteRunner.privateRun(SuiteRunner.java:337)
at org.testng.SuiteRunner.run(SuiteRunner.java:286)
at org.testng.SuiteRunnerWorker.runSuite(SuiteRunnerWorker.java:53)
at org.testng.SuiteRunnerWorker.run(SuiteRunnerWorker.java:96)
at org.testng.TestNG.runSuitesSequentially(TestNG.java:1218)
at org.testng.TestNG.runSuitesLocally(TestNG.java:1140)
at org.testng.TestNG.runSuites(TestNG.java:1069)
at org.testng.TestNG.run(TestNG.java:1037)
at org.testng.remote.AbstractRemoteTestNG.run(AbstractRemoteTestNG.java:115)
at org.testng.remote.RemoteTestNG.initAndRun(RemoteTestNG.java:251)
at org.testng.remote.RemoteTestNG.main(RemoteTestNG.java:77)
]]>
            </full-stacktrace>
          </exception> <!-- java.lang.NullPointerException -->
          <reporter-output>
          </reporter-output>
        </test-method> <!-- ForgotPassowrd -->
        <test-method status="PASS" signature="TestID01A(java.lang.String, java.lang.String, java.lang.String, java.lang.String)[pri:0, instance:ExtendReport.TestID01@646d64ab]" name="TestID01A" duration-ms="21338" started-at="2020-09-28T15:20:53 PDT" data-provider="loginUserDataDetails" finished-at="2020-09-28T15:21:15 PDT">
          <params>
            <param index="0">
              <value>
                <![CDATA[rimapatil777@gmail.com]]>
              </value>
            </param>
            <param index="1">
              <value>
                <![CDATA[rimapatil12]]>
              </value>
            </param>
            <param index="2">
              <value>
                <![CDATA[//a[@name='navigation-menu/dashboard']]]>
              </value>
            </param>
            <param index="3">
              <value>
                <![CDATA[TestID01A]]>
              </value>
            </param>
          </params>
          <reporter-output>
          </reporter-output>
        </test-method> <!-- TestID01A -->
        <test-method status="PASS" signature="TestID01A(java.lang.String, java.lang.String, java.lang.String, java.lang.String)[pri:0, instance:ExtendReport.TestID01@646d64ab]" name="TestID01A" duration-ms="9687" started-at="2020-09-28T15:21:15 PDT" data-provider="loginUserDataDetails" finished-at="2020-09-28T15:21:24 PDT">
          <params>
            <param index="0">
              <value>
                <![CDATA[rimapatil777@gmail.com]]>
              </value>
            </param>
            <param index="1">
              <value>
                <![CDATA[rimapatil]]>
              </value>
            </param>
            <param index="2">
              <value>
                <![CDATA[//li[contains(text(),'Your email or password is incorrect')]]]>
              </value>
            </param>
            <param index="3">
              <value>
                <![CDATA[TestID01B]]>
              </value>
            </param>
          </params>
          <reporter-output>
          </reporter-output>
        </test-method> <!-- TestID01A -->
        <test-method status="PASS" signature="TestID01A(java.lang.String, java.lang.String, java.lang.String, java.lang.String)[pri:0, instance:ExtendReport.TestID01@646d64ab]" name="TestID01A" duration-ms="7849" started-at="2020-09-28T15:21:24 PDT" data-provider="loginUserDataDetails" finished-at="2020-09-28T15:21:32 PDT">
          <params>
            <param index="0">
              <value>
                <![CDATA[rima@gmail.com]]>
              </value>
            </param>
            <param index="1">
              <value>
                <![CDATA[rimapatil]]>
              </value>
            </param>
            <param index="2">
              <value>
                <![CDATA[//li[contains(text(),'Your email or password is incorrect')]]]>
              </value>
            </param>
            <param index="3">
              <value>
                <![CDATA[TestID01C]]>
              </value>
            </param>
          </params>
          <reporter-output>
          </reporter-output>
        </test-method> <!-- TestID01A -->
        <test-method status="PASS" signature="closingTest()[pri:0, instance:ExtendReport.TestID01@646d64ab]" name="closingTest" is-config="true" duration-ms="1380" started-at="2020-09-28T15:21:32 PDT" finished-at="2020-09-28T15:21:34 PDT">
          <reporter-output>
          </reporter-output>
        </test-method> <!-- closingTest -->
      </class> <!-- ExtendReport.TestID01 -->
    </test> <!-- Default test -->
  </suite> <!-- Default suite -->
</testng-results>
